2022-09-25 00:48:08.221 [main] INFO  github.utils.ExtentReportListener - Starting class :class org.testng.TestRunner
2022-09-25 00:48:55.571 [main] INFO  github.utils.ExtentReportListener - Starting class :Default test
2022-09-25 00:56:12.124 [main] INFO  github.utils.ExtentReportListener - Starting class :GitHubAPITesting
2022-09-25 00:57:27.911 [main] INFO  github.utils.ExtentReportListener - Starting class :GitHubAPITesting
2022-09-25 00:57:28.034 [main] INFO  github.utils.ExtentReportListener - onStart() finish
2022-09-25 00:57:28.146 [main] WARN  github.utils.ExtentReportListener - Test failed createRepoTest
2022-09-25 00:57:28.156 [main] WARN  github.utils.ExtentReportListener - Test failed testHeaderContentType
2022-09-25 00:57:28.160 [main] WARN  github.utils.ExtentReportListener - Test failed testHeaderEncoding
2022-09-25 00:57:28.163 [main] WARN  github.utils.ExtentReportListener - Test failed testHeaderServer
2022-09-25 00:57:28.166 [main] WARN  github.utils.ExtentReportListener - Test failed testStatusCode
2022-09-25 00:57:28.169 [main] WARN  github.utils.ExtentReportListener - Test failed testStatusLine
2022-09-25 00:57:34.373 [main] INFO  github.utils.ExtentReportListener - Test succeeded testHeaderContentType
2022-09-25 00:57:34.375 [main] INFO  github.utils.ExtentReportListener - Test succeeded testHeaderEncoding
2022-09-25 00:57:34.377 [main] INFO  github.utils.ExtentReportListener - Test succeeded testHeaderServer
2022-09-25 00:57:34.378 [main] INFO  github.utils.ExtentReportListener - Test succeeded testStatusCode
2022-09-25 00:57:34.380 [main] INFO  github.utils.ExtentReportListener - Test succeeded testStatusLine
2022-09-25 00:57:39.888 [main] INFO  github.utils.ExtentReportListener - Test succeeded testHeaderContentType
2022-09-25 00:57:39.890 [main] INFO  github.utils.ExtentReportListener - Test succeeded testHeaderEncoding
2022-09-25 00:57:39.891 [main] INFO  github.utils.ExtentReportListener - Test succeeded testHeaderServer
2022-09-25 00:57:39.892 [main] INFO  github.utils.ExtentReportListener - Test succeeded testStatusCode
2022-09-25 00:57:39.893 [main] INFO  github.utils.ExtentReportListener - Test succeeded testStatusLine
2022-09-25 00:57:45.215 [main] WARN  github.utils.ExtentReportListener - Test failed testHeaderContentType
2022-09-25 00:57:45.216 [main] WARN  github.utils.ExtentReportListener - Test failed testHeaderEncoding
2022-09-25 00:57:45.217 [main] INFO  github.utils.ExtentReportListener - Test succeeded testHeaderServer
2022-09-25 00:57:45.219 [main] WARN  github.utils.ExtentReportListener - Test failed testStatusCode
2022-09-25 00:57:45.220 [main] WARN  github.utils.ExtentReportListener - Test failed testStatusLine
2022-09-25 00:57:51.208 [main] WARN  github.utils.ExtentReportListener - Test failed testStatusCode
2022-09-25 00:57:56.514 [main] WARN  github.utils.ExtentReportListener - Test failed testHeaderContentType
2022-09-25 00:57:56.515 [main] WARN  github.utils.ExtentReportListener - Test failed testHeaderEncoding
2022-09-25 00:57:56.516 [main] INFO  github.utils.ExtentReportListener - Test succeeded testHeaderServer
2022-09-25 00:57:56.517 [main] WARN  github.utils.ExtentReportListener - Test failed testStatusCode
2022-09-25 00:57:56.518 [main] WARN  github.utils.ExtentReportListener - Test failed testStatusLine
2022-09-25 00:58:01.554 [main] INFO  github.utils.ExtentReportListener - Total tests pass :[ResultMap map=[[TestResult name=testHeaderContentType status=SUCCESS method=UpdateRepoAPITest.testHeaderContentType()[pri:0, instance:github.restapi.tests.UpdateRepoAPITest@130a0f66] output={null}], [TestResult name=testHeaderServer status=SUCCESS method=GetSpecificUserRepoTest.testHeaderServer()[pri:0, instance:github.restapi.tests.GetSpecificUserRepoTest@76b0ae1b] output={null}], [TestResult name=testStatusLine status=SUCCESS method=GetSpecificUserRepoTest.testStatusLine()[pri:0, instance:github.restapi.tests.GetSpecificUserRepoTest@76b0ae1b] output={null}], [TestResult name=testStatusCode status=SUCCESS method=GetSpecificUserRepoTest.testStatusCode()[pri:0, instance:github.restapi.tests.GetSpecificUserRepoTest@76b0ae1b] output={null}], [TestResult name=testStatusLine status=SUCCESS method=UpdateRepoAPITest.testStatusLine()[pri:0, instance:github.restapi.tests.UpdateRepoAPITest@130a0f66] output={null}], [TestResult name=testHeaderEncoding status=SUCCESS method=UpdateRepoAPITest.testHeaderEncoding()[pri:0, instance:github.restapi.tests.UpdateRepoAPITest@130a0f66] output={null}], [TestResult name=testStatusCode status=SUCCESS method=UpdateRepoAPITest.testStatusCode()[pri:0, instance:github.restapi.tests.UpdateRepoAPITest@130a0f66] output={null}], [TestResult name=testHeaderEncoding status=SUCCESS method=GetSpecificUserRepoTest.testHeaderEncoding()[pri:0, instance:github.restapi.tests.GetSpecificUserRepoTest@76b0ae1b] output={null}], [TestResult name=testHeaderContentType status=SUCCESS method=GetSpecificUserRepoTest.testHeaderContentType()[pri:0, instance:github.restapi.tests.GetSpecificUserRepoTest@76b0ae1b] output={null}], [TestResult name=testHeaderServer status=SUCCESS method=UpdateRepoAPITest.testHeaderServer()[pri:0, instance:github.restapi.tests.UpdateRepoAPITest@130a0f66] output={null}], [TestResult name=testHeaderServer status=SUCCESS method=UnfollowUserAPITest.testHeaderServer()[pri:0, instance:github.restapi.tests.UnfollowUserAPITest@6105f8a3] output={null}], [TestResult name=testHeaderServer status=SUCCESS method=FollowAUserAPITest.testHeaderServer()[pri:0, instance:github.restapi.tests.FollowAUserAPITest@4c432866] output={null}]]]
Total tests skipped :[ResultMap map=[]]
Total tests failed :[ResultMap map=[[TestResult name=testStatusCode status=FAILURE method=FollowAUserAPITest.testStatusCode()[pri:0, instance:github.restapi.tests.FollowAUserAPITest@4c432866] output={null}], [TestResult name=testStatusLine status=FAILURE method=FollowAUserAPITest.testStatusLine()[pri:0, instance:github.restapi.tests.FollowAUserAPITest@4c432866] output={null}], [TestResult name=testHeaderServer status=FAILURE method=CreateRepoAPITest.testHeaderServer()[pri:0, instance:github.restapi.tests.CreateRepoAPITest@450794b4] output={null}], [TestResult name=testStatusCode status=FAILURE method=UnfollowUserAPITest.testStatusCode()[pri:0, instance:github.restapi.tests.UnfollowUserAPITest@6105f8a3] output={null}], [TestResult name=createRepoTest status=FAILURE method=CreateRepoAPITest.createRepoTest(java.lang.String,java.lang.String,java.lang.String,java.lang.String)[pri:0, instance:github.restapi.tests.CreateRepoAPITest@450794b4] output={null}], [TestResult name=testHeaderContentType status=FAILURE method=FollowAUserAPITest.testHeaderContentType()[pri:0, instance:github.restapi.tests.FollowAUserAPITest@4c432866] output={null}], [TestResult name=testHeaderEncoding status=FAILURE method=FollowAUserAPITest.testHeaderEncoding()[pri:0, instance:github.restapi.tests.FollowAUserAPITest@4c432866] output={null}], [TestResult name=testStatusCode status=FAILURE method=DeleteGitHubRepoTest.testStatusCode()[pri:0, instance:github.restapi.tests.DeleteGitHubRepoTest@12365c88] output={null}], [TestResult name=testHeaderContentType status=FAILURE method=CreateRepoAPITest.testHeaderContentType()[pri:0, instance:github.restapi.tests.CreateRepoAPITest@450794b4] output={null}], [TestResult name=testStatusLine status=FAILURE method=CreateRepoAPITest.testStatusLine()[pri:0, instance:github.restapi.tests.CreateRepoAPITest@450794b4] output={null}], [TestResult name=testHeaderEncoding status=FAILURE method=CreateRepoAPITest.testHeaderEncoding()[pri:0, instance:github.restapi.tests.CreateRepoAPITest@450794b4] output={null}], [TestResult name=testHeaderContentType status=FAILURE method=UnfollowUserAPITest.testHeaderContentType()[pri:0, instance:github.restapi.tests.UnfollowUserAPITest@6105f8a3] output={null}], [TestResult name=testStatusLine status=FAILURE method=UnfollowUserAPITest.testStatusLine()[pri:0, instance:github.restapi.tests.UnfollowUserAPITest@6105f8a3] output={null}], [TestResult name=testStatusCode status=FAILURE method=CreateRepoAPITest.testStatusCode()[pri:0, instance:github.restapi.tests.CreateRepoAPITest@450794b4] output={null}], [TestResult name=testHeaderEncoding status=FAILURE method=UnfollowUserAPITest.testHeaderEncoding()[pri:0, instance:github.restapi.tests.UnfollowUserAPITest@6105f8a3] output={null}]]]
2022-09-25 01:06:19.064 [main] INFO  github.utils.ExtentReportListener - Starting class :GitHubAPITesting
2022-09-25 01:06:19.168 [main] INFO  github.utils.ExtentReportListener - onStart() finish
2022-09-25 01:06:19.284 [main] WARN  github.utils.ExtentReportListener - Test failed createRepoTest
2022-09-25 01:06:19.301 [main] WARN  github.utils.ExtentReportListener - Test failed testHeaderContentType
2022-09-25 01:06:19.306 [main] WARN  github.utils.ExtentReportListener - Test failed testHeaderEncoding
2022-09-25 01:06:19.310 [main] WARN  github.utils.ExtentReportListener - Test failed testHeaderServer
2022-09-25 01:06:19.314 [main] WARN  github.utils.ExtentReportListener - Test failed testStatusCode
2022-09-25 01:06:19.317 [main] WARN  github.utils.ExtentReportListener - Test failed testStatusLine
2022-09-25 01:06:24.330 [main] INFO  github.utils.ExtentReportListener - Total tests pass :0
Total tests skipped :0
Total tests failed :6
2022-09-25 01:12:02.569 [main] INFO  github.utils.ExtentReportListener - Starting class :GitHubAPITesting
2022-09-25 01:12:02.670 [main] INFO  github.utils.ExtentReportListener - onStart() finish
2022-09-25 01:12:02.772 [main] WARN  github.utils.ExtentReportListener - Test failed createRepoTest
2022-09-25 01:12:02.789 [main] WARN  github.utils.ExtentReportListener - Test failed testHeaderContentType
2022-09-25 01:12:02.793 [main] WARN  github.utils.ExtentReportListener - Test failed testHeaderEncoding
2022-09-25 01:12:02.798 [main] WARN  github.utils.ExtentReportListener - Test failed testHeaderServer
2022-09-25 01:12:02.801 [main] WARN  github.utils.ExtentReportListener - Test failed testStatusCode
2022-09-25 01:12:02.804 [main] WARN  github.utils.ExtentReportListener - Test failed testStatusLine
2022-09-25 01:12:07.810 [main] INFO  github.utils.ExtentReportListener - Total tests pass :0
Total tests skipped :0
Total tests failed :6
